вүЎЖ’Г®ГҮ X.com Injection Engine О“ГҮГ¶ @Upscrolledai
==================================================
Found 25 pulse files.
О“ГңГЎвҲ©в••Г… Limiting to 25 pulses.

Preparing to inject 25 pulses:
  вүЎЖ’Гҙв•Ј A_Abu_Haytham_A_vertical.mp4             О“ГҘГҶ PregnantA
       вүЎЖ’ГҶв–‘ https://whydonate.com/fundraising/urgent...
  вүЎЖ’Гҙв•Ј A_Abu_Muhammad_A_vertical.mp4            О“ГҘГҶ PregnantA
       вүЎЖ’ГҶв–‘ https://whydonate.com/fundraising/urgent...
  вүЎЖ’Гҙв•Ј A_Hope_A_vertical.mp4                    О“ГҘГҶ PregnantA
       вүЎЖ’ГҶв–‘ https://whydonate.com/fundraising/urgent...
  вүЎЖ’Гҙв•Ј A_PregnantA_A_vertical.mp4               О“ГҘГҶ PregnantA
       вүЎЖ’ГҶв–‘ https://whydonate.com/fundraising/urgent...
  вүЎЖ’Гҙв•Ј A_Umm_Sami_A_vertical.mp4                О“ГҘГҶ PregnantA
       вүЎЖ’ГҶв–‘ https://whydonate.com/fundraising/urgent...
  вүЎЖ’Гҙв•Ј B_Heba_B_vertical.mp4                    О“ГҘГҶ Beneficiary
       вүЎЖ’ГҶв–‘ https://whydonate.com/fundraising/emerge...
  вүЎЖ’Гҙв•Ј B_Yasmine_B_vertical.mp4                 О“ГҘГҶ Beneficiary
       вүЎЖ’ГҶв–‘ https://whydonate.com/fundraising/emerge...
  вүЎЖ’Гҙв•Ј C_Ahmed_AlFlit_pop_vertical.mp4          О“ГҘГҶ Help Ahmed and family survive genocide in Gaza
       вүЎЖ’ГҶв–‘ https://whydonate.com/fundraising/help-a...
  вүЎЖ’Гҙв•Ј D1_Gaza_Family_vertical.mp4              О“ГҘГҶ D1 Gaza Family
  вүЎЖ’Гҙв•Ј D_Akram_D_vertical.mp4                   О“ГҘГҶ Help Akram and his family despite the pain in Gaza
       вүЎЖ’ГҶв–‘ https://whydonate.com/fundraising/help-a...
  вүЎЖ’Гҙв•Ј D_Help_Ahmed_D_vertical.mp4              О“ГҘГҶ Help Akram and his family despite the pain in Gaza
       вүЎЖ’ГҶв–‘ https://whydonate.com/fundraising/help-a...
  вүЎЖ’Гҙв•Ј F_Mohammed_F_vertical.mp4                О“ГҘГҶ Help Abdullah Mohammed support his 7 sons & daughters in Gaz
       вүЎЖ’ГҶв–‘ https://whydonate.com/fundraising/help-a...
  вүЎЖ’Гҙв•Ј X_Help_Mohammed_vertical.mp4             О“ГҘГҶ Help Mohammed Pursue Dentistry and Support His Family
       вүЎЖ’ГҶв–‘ https://whydonate.com/fundraising/help-m...
  вүЎЖ’Гҙв•Ј X_Urgent_Medical_vertical.mp4            О“ГҘГҶ Urgent Medical Aid for My Child and Husband
       вүЎЖ’ГҶв–‘ https://whydonate.com/fundraising/urgent...
  вүЎЖ’Гҙв•Ј _Abdel_Rahim_vertical.mp4                О“ГҘГҶ They Are Living in a Tent! Help Gaza Nurse !
       вүЎЖ’ГҶв–‘ https://whydonate.com/fundraising/help-g...
  вүЎЖ’Гҙв•Ј _Abdullah_hoping_vertical.mp4            О“ГҘГҶ Help Abdullah who is hoping for a future
       вүЎЖ’ГҶв–‘ https://whydonate.com/fundraising/help-a...
  вүЎЖ’Гҙв•Ј _Ahmed_smile_vertical.mp4                О“ГҘГҶ Let's draw a smile together
       вүЎЖ’ГҶв–‘ https://whydonate.com/fundraising/lets-d...
  вүЎЖ’Гҙв•Ј _Aysha_vertical.mp4                      О“ГҘГҶ  Aysha
  вүЎЖ’Гҙв•Ј _Marah_vertical.mp4                      О“ГҘГҶ  Marah
  вүЎЖ’Гҙв•Ј _Mother_10_vertical.mp4                  О“ГҘГҶ Urgent Winter Aid for Mother of 10
       вүЎЖ’ГҶв–‘ https://whydonate.com/fundraising/-urgen...
  вүЎЖ’Гҙв•Ј _Um_Mohammeds_children_vertical.mp4      О“ГҘГҶ Save Um Mohammed's children
       вүЎЖ’ГҶв–‘ https://whydonate.com/fundraising/save-u...
  вүЎЖ’Гҙв•Ј _Umm_Iman_vertical.mp4                   О“ГҘГҶ Help Umm Iman and Her family survive the genocide
       вүЎЖ’ГҶв–‘ https://whydonate.com/fundraising/help-u...
  вүЎЖ’Гҙв•Ј _Umm_Masoud_vertical.mp4                 О“ГҘГҶ Help Umm Masoud and her daughter, survivors in the rubbles o
       вүЎЖ’ГҶв–‘ https://whydonate.com/fundraising/help-u...
  вүЎЖ’Гҙв•Ј _our_brother_vertical.mp4                О“ГҘГҶ Help our brother with financial support
       вүЎЖ’ГҶв–‘ https://whydonate.com/fundraising/help-o...
  вүЎЖ’Гҙв•Ј _в•ӘВәв”ҳГ _в•Әв•Јв”ҳГӨв”ҳГӘв•Әв”Ө_Salman_AlWatts_vertical.mp4     О“ГҘГҶ Save Salman Ali and his family from awful destruction
       вүЎЖ’ГҶв–‘ https://whydonate.com/fundraising/save-s...

Launching injection...

вүЎЖ’ГүВӘ Launching X.com injection context (@Upscrolledai)...
Verifying X session...
О“ВЈГ  Session valid. Injecting 25 pulses...
вүЎЖ’ГҙГұ Posting pulse 1/25: PregnantA A...
О“Г…в”Ӯ Uploading video: A_Abu_Haytham_A_vertical.mp4...
вүЎЖ’ГңГҮ Submitting post...
О“ВЈГ  Posted: PregnantA A
О“Г…в–’вҲ©в••Г… Cooling down 25s before next post...
вүЎЖ’ГҙГұ Posting pulse 2/25: PregnantA A...
О“Г…в”Ӯ Uploading video: A_Abu_Muhammad_A_vertical.mp4...
вүЎЖ’ГңГҮ Submitting post...
О“ВЈГ  Posted: PregnantA A
О“Г…в–’вҲ©в••Г… Cooling down 25s before next post...
вүЎЖ’ГҙГұ Posting pulse 3/25: PregnantA A...
О“Г…в”Ӯ Uploading video: A_Hope_A_vertical.mp4...
вүЎЖ’ГңГҮ Submitting post...
О“ВЈГ  Posted: PregnantA A
О“Г…в–’вҲ©в••Г… Cooling down 25s before next post...
вүЎЖ’ГҙГұ Posting pulse 4/25: PregnantA A...
О“Г…в”Ӯ Uploading video: A_PregnantA_A_vertical.mp4...
вүЎЖ’ГңГҮ Submitting post...
О“ВЈГ  Posted: PregnantA A
О“Г…в–’вҲ©в••Г… Cooling down 25s before next post...
вүЎЖ’ГҙГұ Posting pulse 5/25: PregnantA A...
О“Г…в”Ӯ Uploading video: A_Umm_Sami_A_vertical.mp4...
вүЎЖ’ГңГҮ Submitting post...
О“ВЈГ  Posted: PregnantA A
О“Г…в–’вҲ©в••Г… Cooling down 25s before next post...
вүЎЖ’ГҙГұ Posting pulse 6/25: Beneficiary B...
О“Г…в”Ӯ Uploading video: B_Heba_B_vertical.mp4...
вүЎЖ’ГңГҮ Submitting post...
О“ВЈГ  Posted: Beneficiary B
О“Г…в–’вҲ©в••Г… Cooling down 25s before next post...
вүЎЖ’ГҙГұ Posting pulse 7/25: Beneficiary B...
О“Г…в”Ӯ Uploading video: B_Yasmine_B_vertical.mp4...
вүЎЖ’ГңГҮ Submitting post...
О“ВЈГ  Posted: Beneficiary B
О“Г…в–’вҲ©в••Г… Cooling down 25s before next post...
вүЎЖ’ГҙГұ Posting pulse 8/25: Ahmed Al-Flit pop...
О“Г…в”Ӯ Uploading video: C_Ahmed_AlFlit_pop_vertical.mp4...
вүЎЖ’ГңГҮ Submitting post...
О“ВЈГ  Posted: Ahmed Al-Flit pop
О“Г…в–’вҲ©в••Г… Cooling down 25s before next post...
вүЎЖ’ГҙГұ Posting pulse 9/25: D1 Gaza Family...
О“Г…в”Ӯ Uploading video: D1_Gaza_Family_vertical.mp4...
вүЎЖ’ГңГҮ Submitting post...
О“ВЈГ  Posted: D1 Gaza Family
О“Г…в–’вҲ©в••Г… Cooling down 25s before next post...
вүЎЖ’ГҙГұ Posting pulse 10/25: Akram D...
О“Г…в”Ӯ Uploading video: D_Akram_D_vertical.mp4...
вүЎЖ’ГңГҮ Submitting post...
О“ВЈГ  Posted: Akram D
О“Г…в–’вҲ©в••Г… Cooling down 25s before next post...
вүЎЖ’ГҙГұ Posting pulse 11/25: Akram D...
О“Г…в”Ӯ Uploading video: D_Help_Ahmed_D_vertical.mp4...
вүЎЖ’ГңГҮ Submitting post...
О“ВЈГ  Posted: Akram D
О“Г…в–’вҲ©в••Г… Cooling down 25s before next post...
вүЎЖ’ГҙГұ Posting pulse 12/25: Mohammed F...
О“Г…в”Ӯ Uploading video: F_Mohammed_F_vertical.mp4...
вүЎЖ’ГңГҮ Submitting post...
О“ВЈГ  Posted: Mohammed F
О“Г…в–’вҲ©в••Г… Cooling down 25s before next post...
вүЎЖ’ГҙГұ Posting pulse 13/25: Help Mohammed...
О“Г…в”Ӯ Uploading video: X_Help_Mohammed_vertical.mp4...
вүЎЖ’ГңГҮ Submitting post...
О“ВЈГ  Posted: Help Mohammed
О“Г…в–’вҲ©в••Г… Cooling down 25s before next post...
вүЎЖ’ГҙГұ Posting pulse 14/25: Urgent Medical...
О“Г…в”Ӯ Uploading video: X_Urgent_Medical_vertical.mp4...
вүЎЖ’ГңГҮ Submitting post...
О“ВЈГ  Posted: Urgent Medical
О“Г…в–’вҲ©в••Г… Cooling down 25s before next post...
вүЎЖ’ГҙГұ Posting pulse 15/25: Abdel Rahim...
О“Г…в”Ӯ Uploading video: _Abdel_Rahim_vertical.mp4...
вүЎЖ’ГңГҮ Submitting post...
О“ВЈГ  Posted: Abdel Rahim
О“Г…в–’вҲ©в••Г… Cooling down 25s before next post...
вүЎЖ’ГҙГұ Posting pulse 16/25: Abdullah hoping...
О“Г…в”Ӯ Uploading video: _Abdullah_hoping_vertical.mp4...
вүЎЖ’ГңГҮ Submitting post...
О“ВЈГ  Posted: Abdullah hoping
О“Г…в–’вҲ©в••Г… Cooling down 25s before next post...
вүЎЖ’ГҙГұ Posting pulse 17/25: Ahmed smile...
О“Г…в”Ӯ Uploading video: _Ahmed_smile_vertical.mp4...
вүЎЖ’ГңГҮ Submitting post...
О“ВЈГ  Posted: Ahmed smile
О“Г…в–’вҲ©в••Г… Cooling down 25s before next post...
вүЎЖ’ГҙГұ Posting pulse 18/25:  Aysha...
О“Г…в”Ӯ Uploading video: _Aysha_vertical.mp4...
вүЎЖ’ГңГҮ Submitting post...
О“ВЈГ  Posted:  Aysha
О“Г…в–’вҲ©в••Г… Cooling down 25s before next post...
вүЎЖ’ГҙГұ Posting pulse 19/25:  Marah...
О“Г…в”Ӯ Uploading video: _Marah_vertical.mp4...
вүЎЖ’ГңГҮ Submitting post...
О“ВЈГ  Posted:  Marah
О“Г…в–’вҲ©в••Г… Cooling down 25s before next post...
вүЎЖ’ГҙГұ Posting pulse 20/25: Mother 10...
О“Г…в”Ӯ Uploading video: _Mother_10_vertical.mp4...
вүЎЖ’ГңГҮ Submitting post...
О“ВЈГ  Posted: Mother 10
О“Г…в–’вҲ©в••Г… Cooling down 25s before next post...
вүЎЖ’ГҙГұ Posting pulse 21/25: Um Mohammeds children...
О“Г…в”Ӯ Uploading video: _Um_Mohammeds_children_vertical.mp4...
вүЎЖ’ГңГҮ Submitting post...
О“ВЈГ  Posted: Um Mohammeds children
О“Г…в–’вҲ©в••Г… Cooling down 25s before next post...
вүЎЖ’ГҙГұ Posting pulse 22/25: Umm Iman...
О“Г…в”Ӯ Uploading video: _Umm_Iman_vertical.mp4...
вүЎЖ’ГңГҮ Submitting post...
О“ВЈГ  Posted: Umm Iman
О“Г…в–’вҲ©в••Г… Cooling down 25s before next post...
вүЎЖ’ГҙГұ Posting pulse 23/25: Umm Masoud...
О“Г…в”Ӯ Uploading video: _Umm_Masoud_vertical.mp4...
вүЎЖ’ГңГҮ Submitting post...
О“ВЈГ  Posted: Umm Masoud
О“Г…в–’вҲ©в••Г… Cooling down 25s before next post...
вүЎЖ’ГҙГұ Posting pulse 24/25: our brother...
